<?xml version="1.0" encoding="UTF-8"?>
<!-- Generated by org.testng.reporters.JUnitReportReporter -->
<testsuite hostname="ISCHLAPHP19267" failures="0" tests="1" name="pkg.First" time="0.007" errors="0" timestamp="2020-08-10T19:19:45 IST" skipped="0">
  <testcase classname="pkg.First" name="test1" time="0.007"/>
  <system-out/>
</testsuite> <!-- pkg.First -->
